Determining if the pthread_create exist failed with the following output:
Change Dir: /home/crazyflie/crazyswarm/ros_ws/src/crazyflie_ros/externalDependencies/libmotioncapture/externalDependencies/nnBuild/CMakeFiles/CMakeTmp

Run Build Command:"/usr/bin/make" "cmTC_24d6c/fast"
/usr/bin/make -f CMakeFiles/cmTC_24d6c.dir/build.make CMakeFiles/cmTC_24d6c.dir/build
make[1]: Entering directory '/home/crazyflie/crazyswarm/ros_ws/src/crazyflie_ros/externalDependencies/libmotioncapture/externalDependencies/nnBuild/CMakeFiles/CMakeTmp'
Building C object CMakeFiles/cmTC_24d6c.dir/CheckSymbolExists.c.o
/usr/bin/cc     -o CMakeFiles/cmTC_24d6c.dir/CheckSymbolExists.c.o   -c /home/crazyflie/crazyswarm/ros_ws/src/crazyflie_ros/externalDependencies/libmotioncapture/externalDependencies/nnBuild/CMakeFiles/CMakeTmp/CheckSymbolExists.c
Linking C executable cmTC_24d6c
/usr/bin/cmake -E cmake_link_script CMakeFiles/cmTC_24d6c.dir/link.txt --verbose=1
/usr/bin/cc       CMakeFiles/cmTC_24d6c.dir/CheckSymbolExists.c.o  -o cmTC_24d6c -rdynamic 
CMakeFiles/cmTC_24d6c.dir/CheckSymbolExists.c.o: In function `main':
CheckSymbolExists.c:(.text+0x16): undefined reference to `pthread_create'
collect2: error: ld returned 1 exit status
CMakeFiles/cmTC_24d6c.dir/build.make:97: recipe for target 'cmTC_24d6c' failed
make[1]: *** [cmTC_24d6c] Error 1
make[1]: Leaving directory '/home/crazyflie/crazyswarm/ros_ws/src/crazyflie_ros/externalDependencies/libmotioncapture/externalDependencies/nnBuild/CMakeFiles/CMakeTmp'
Makefile:126: recipe for target 'cmTC_24d6c/fast' failed
make: *** [cmTC_24d6c/fast] Error 2

File /home/crazyflie/crazyswarm/ros_ws/src/crazyflie_ros/externalDependencies/libmotioncapture/externalDependencies/nnBuild/CMakeFiles/CMakeTmp/CheckSymbolExists.c:
/* */
#include <pthread.h>

int main(int argc, char** argv)
{
  (void)argv;
#ifndef pthread_create
  return ((int*)(&pthread_create))[argc];
#else
  (void)argc;
  return 0;
#endif
}

Determining if the function pthread_create exists in the pthreads failed with the following output:
Change Dir: /home/crazyflie/crazyswarm/ros_ws/src/crazyflie_ros/externalDependencies/libmotioncapture/externalDependencies/nnBuild/CMakeFiles/CMakeTmp

Run Build Command:"/usr/bin/make" "cmTC_d96fc/fast"
/usr/bin/make -f CMakeFiles/cmTC_d96fc.dir/build.make CMakeFiles/cmTC_d96fc.dir/build
make[1]: Entering directory '/home/crazyflie/crazyswarm/ros_ws/src/crazyflie_ros/externalDependencies/libmotioncapture/externalDependencies/nnBuild/CMakeFiles/CMakeTmp'
Building C object CMakeFiles/cmTC_d96fc.dir/CheckFunctionExists.c.o
/usr/bin/cc    -DCHECK_FUNCTION_EXISTS=pthread_create   -o CMakeFiles/cmTC_d96fc.dir/CheckFunctionExists.c.o   -c /usr/share/cmake-3.5/Modules/CheckFunctionExists.c
Linking C executable cmTC_d96fc
/usr/bin/cmake -E cmake_link_script CMakeFiles/cmTC_d96fc.dir/link.txt --verbose=1
/usr/bin/cc   -DCHECK_FUNCTION_EXISTS=pthread_create    CMakeFiles/cmTC_d96fc.dir/CheckFunctionExists.c.o  -o cmTC_d96fc -rdynamic -lpthreads 
/usr/bin/ld: cannot find -lpthreads
collect2: error: ld returned 1 exit status
CMakeFiles/cmTC_d96fc.dir/build.make:97: recipe for target 'cmTC_d96fc' failed
make[1]: *** [cmTC_d96fc] Error 1
make[1]: Leaving directory '/home/crazyflie/crazyswarm/ros_ws/src/crazyflie_ros/externalDependencies/libmotioncapture/externalDependencies/nnBuild/CMakeFiles/CMakeTmp'
Makefile:126: recipe for target 'cmTC_d96fc/fast' failed
make: *** [cmTC_d96fc/fast] Error 2


